<?xml version="1.0" encoding="UTF-8"?>
<beans xmlns="http://www.springframework.org/schema/beans"
       xmlns:xsi="http://www.w3.org/2001/XMLSchema-instance"
       xmlns:context="http://www.springframework.org/schema/context"
       xsi:schemaLocation="http://www.springframework.org/schema/beans http://www.springframework.org/schema/beans/spring-beans.xsd
       http://www.springframework.org/schema/context http://www.springframework.org/schema/context/spring-context.xsd"
       default-lazy-init="true">

    <context:component-scan base-package="aircon">
        <context:exclude-filter type="regex" expression="aircon.controller"/>
    </context:component-scan>

    <context:property-placeholder location="jdbc.properties"/>

    <bean id="dataSource" class="org.springframework.jdbc.datasource.DriverManagerDataSource">
        <property name="driverClassName" value="${jdbc.driverClassName}"/>
        <property name="url" value="${jdbc.url}"/>
        <property name="username" value="${jdbc.username}"/>
        <property name="password" value="${jdbc.password}"/>
    </bean>

	<bean id="jpaAdapter" class="aircon.test.MyHibernateJpaVendorAdapter">
<!--     <bean id="jpaAdapter" class="org.springframework.orm.jpa.vendor.HibernateJpaVendorAdapter"> -->
        <property name="database" value="${jpa.database}"/>
        <property name="showSql" value="${jpa.showSql}"/>
    </bean>

<!--     <bean id="myEmf" class="org.springframework.orm.jpa.LocalContainerEntityManagerFactoryBean"> -->
	<bean id="myEmf" class="aircon.test.MyLocalContainerEntityManagerFactoryBean">
        <property name="dataSource" ref="dataSource"/>
        <property name="jpaVendorAdapter" ref="jpaAdapter"/>
        <property name="persistenceXmlLocation" value="META-INF/persistence.xml"/>
    </bean>

	<bean class="org.springframework.orm.jpa.support.PersistenceAnnotationBeanPostProcessor"/>

    <!--<bean id="org.h2.tools.Server"
          class="org.h2.tools.Server"
          factory-method="createTcpServer"
          init-method="start"
          destroy-method="stop">
        <constructor-arg value="-tcp,-tcpAllowOthers,true,-tcpPort,8043"/>
    </bean>-->


</beans>